# JRE version: OpenJDK Runtime Environment (11.0.10) (build 11.0.10+0-b96-7249189)
# Java VM: OpenJDK 64-Bit Server VM (11.0.10+0-b96-7249189, mixed mode, tiered, compressed oops, g1 gc, windows-amd64)
Heap:
 garbage-first heap   total 114688K, used 35213K [0x0000000080000000, 0x0000000100000000)
  region size 1024K, 11 young (11264K), 3 survivors (3072K)
 Metaspace       used 43160K, capacity 44192K, committed 44288K, reserved 1087488K
  class space    used 5495K, capacity 5825K, committed 5888K, reserved 1048576K
GC Heap History (18 events):
Event: 1.521 GC heap before
{Heap before GC invocations=0 (full 0):
 garbage-first heap   total 114688K, used 29696K [0x0000000080000000, 0x0000000100000000)
  region size 1024K, 24 young (24576K), 0 survivors (0K)
 Metaspace       used 10215K, capacity 10437K, committed 10624K, reserved 1058816K
  class space    used 1064K, capacity 1139K, committed 1152K, reserved 1048576K
}
Event: 1.534 GC heap after
{Heap after GC invocations=1 (full 0):
 garbage-first heap   total 114688K, used 9203K [0x0000000080000000, 0x0000000100000000)
  region size 1024K, 3 young (3072K), 3 survivors (3072K)
 Metaspace       used 10215K, capacity 10437K, committed 10624K, reserved 1058816K
  class space    used 1064K, capacity 1139K, committed 1152K, reserved 1048576K
}
Event: 2.261 GC heap before
{Heap before GC invocations=1 (full 0):
 garbage-first heap   total 114688K, used 39923K [0x0000000080000000, 0x0000000100000000)
  region size 1024K, 32 young (32768K), 3 survivors (3072K)
 Metaspace       used 11157K, capacity 11454K, committed 11520K, reserved 1058816K
  class space    used 1166K, capacity 1243K, committed 1280K, reserved 1048576K
}
Event: 2.270 GC heap after
{Heap after GC invocations=2 (full 0):
 garbage-first heap   total 114688K, used 12463K [0x0000000080000000, 0x0000000100000000)
  region size 1024K, 3 young (3072K), 3 survivors (3072K)
 Metaspace       used 11157K, capacity 11454K, committed 11520K, reserved 1058816K
  class space    used 1166K, capacity 1243K, committed 1280K, reserved 1048576K
}
Event: 4.643 GC heap before
{Heap before GC invocations=2 (full 0):
 garbage-first heap   total 114688K, used 52399K [0x0000000080000000, 0x0000000100000000)
  region size 1024K, 43 young (44032K), 3 survivors (3072K)
 Metaspace       used 17686K, capacity 18141K, committed 18432K, reserved 1064960K
  class space    used 2074K, capacity 2208K, committed 2304K, reserved 1048576K
}
Event: 4.651 GC heap after
{Heap after GC invocations=3 (full 0):
 garbage-first heap   total 114688K, used 16234K [0x0000000080000000, 0x0000000100000000)
  region size 1024K, 6 young (6144K), 6 survivors (6144K)
 Metaspace       used 17686K, capacity 18141K, committed 18432K, reserved 1064960K
  class space    used 2074K, capacity 2208K, committed 2304K, reserved 1048576K
}
Event: 5.158 GC heap before
{Heap before GC invocations=3 (full 0):
 garbage-first heap   total 114688K, used 40810K [0x0000000080000000, 0x0000000100000000)
  region size 1024K, 32 young (32768K), 6 survivors (6144K)
 Metaspace       used 20602K, capacity 21109K, committed 21248K, reserved 1067008K
  class space    used 2513K, capacity 2692K, committed 2816K, reserved 1048576K
}
Event: 5.165 GC heap after
{Heap after GC invocations=4 (full 0):
 garbage-first heap   total 114688K, used 16873K [0x0000000080000000, 0x0000000100000000)
  region size 1024K, 5 young (5120K), 5 survivors (5120K)
 Metaspace       used 20602K, capacity 21109K, committed 21248K, reserved 1067008K
  class space    used 2513K, capacity 2692K, committed 2816K, reserved 1048576K
}
Event: 6.042 GC heap before
{Heap before GC invocations=5 (full 0):
 garbage-first heap   total 114688K, used 61929K [0x0000000080000000, 0x0000000100000000)
  region size 1024K, 49 young (50176K), 5 survivors (5120K)
 Metaspace       used 25305K, capacity 25917K, committed 26112K, reserved 1071104K
  class space    used 3280K, capacity 3490K, committed 3584K, reserved 1048576K
}
Event: 6.048 GC heap after
{Heap after GC invocations=6 (full 0):
 garbage-first heap   total 114688K, used 18708K [0x0000000080000000, 0x0000000100000000)
  region size 1024K, 3 young (3072K), 3 survivors (3072K)
 Metaspace       used 25305K, capacity 25917K, committed 26112K, reserved 1071104K
  class space    used 3280K, capacity 3490K, committed 3584K, reserved 1048576K
}
Event: 7.049 GC heap before
{Heap before GC invocations=6 (full 0):
 garbage-first heap   total 114688K, used 67860K [0x0000000080000000, 0x0000000100000000)
  region size 1024K, 51 young (52224K), 3 survivors (3072K)
 Metaspace       used 29949K, capacity 30664K, committed 30976K, reserved 1075200K
  class space    used 4009K, capacity 4244K, committed 4352K, reserved 1048576K
}
Event: 7.054 GC heap after
{Heap after GC invocations=7 (full 0):
 garbage-first heap   total 114688K, used 19950K [0x0000000080000000, 0x0000000100000000)
  region size 1024K, 4 young (4096K), 4 survivors (4096K)
 Metaspace       used 29949K, capacity 30664K, committed 30976K, reserved 1075200K
  class space    used 4009K, capacity 4244K, committed 4352K, reserved 1048576K
}
Event: 7.649 GC heap before
{Heap before GC invocations=7 (full 0):
 garbage-first heap   total 114688K, used 36334K [0x0000000080000000, 0x0000000100000000)
  region size 1024K, 21 young (21504K), 4 survivors (4096K)
 Metaspace       used 34967K, capacity 35747K, committed 35840K, reserved 1081344K
  class space    used 4536K, capacity 4834K, committed 4864K, reserved 1048576K
}
Event: 7.661 GC heap after
{Heap after GC invocations=8 (full 0):
 garbage-first heap   total 114688K, used 22806K [0x0000000080000000, 0x0000000100000000)
  region size 1024K, 6 young (6144K), 6 survivors (6144K)
 Metaspace       used 34967K, capacity 35747K, committed 35840K, reserved 1081344K
  class space    used 4536K, capacity 4834K, committed 4864K, reserved 1048576K
}
Event: 8.447 GC heap before
{Heap before GC invocations=9 (full 0):
 garbage-first heap   total 114688K, used 70934K [0x0000000080000000, 0x0000000100000000)
  region size 1024K, 50 young (51200K), 6 survivors (6144K)
 Metaspace       used 38479K, capacity 39428K, committed 39552K, reserved 1083392K
  class space    used 4906K, capacity 5245K, committed 5248K, reserved 1048576K
}
Event: 8.457 GC heap after
{Heap after GC invocations=10 (full 0):
 garbage-first heap   total 114688K, used 26287K [0x0000000080000000, 0x0000000100000000)
  region size 1024K, 7 young (7168K), 7 survivors (7168K)
 Metaspace       used 38479K, capacity 39428K, committed 39552K, reserved 1083392K
  class space    used 4906K, capacity 5245K, committed 5248K, reserved 1048576K
}
Event: 9.360 GC heap before
{Heap before GC invocations=10 (full 0):
 garbage-first heap   total 114688K, used 71343K [0x0000000080000000, 0x0000000100000000)
  region size 1024K, 51 young (52224K), 7 survivors (7168K)
 Metaspace       used 42519K, capacity 43451K, committed 43648K, reserved 1087488K
  class space    used 5391K, capacity 5748K, committed 5760K, reserved 1048576K
}
Event: 9.369 GC heap after
{Heap after GC invocations=11 (full 0):
 garbage-first heap   total 114688K, used 28045K [0x0000000080000000, 0x0000000100000000)
  region size 1024K, 3 young (3072K), 3 survivors (3072K)
 Metaspace       used 42519K, capacity 43451K, committed 43648K, reserved 1087488K
  class space    used 5391K, capacity 5748K, committed 5760K, reserved 1048576K
}

